<?xml version="1.0" encoding="UTF-8"?>
<!-- Generated by org.testng.reporters.JUnitReportReporter -->
<testsuite hostname="Sony-PC" failures="0" tests="1" name="com.rbhprac.testscript.TestScriptClass1" time="0.012" errors="0" timestamp="20 Dec 2023 10:10:31 GMT" skipped="0">
  <testcase classname="com.rbhprac.testscript.TestScriptClass1" name="doSomethingClass1" time="0.012"/>
</testsuite> <!-- com.rbhprac.testscript.TestScriptClass1 -->
