<?xml version="1.0" encoding="UTF-8"?>
<!-- Generated by org.testng.reporters.JUnitReportReporter -->
<testsuite hostname="Sony-PC" failures="0" tests="1" name="com.rbhprac.testscript.TestScriptClass1" time="0.013" errors="0" timestamp="21 Dec 2023 05:57:18 GMT" skipped="0">
  <testcase classname="com.rbhprac.testscript.TestScriptClass1" name="doSomethingClass1" time="0.013"/>
</testsuite> <!-- com.rbhprac.testscript.TestScriptClass1 -->
